<?xml version="1.0" encoding="UTF-8"?>
<!-- Generated by org.testng.reporters.JUnitXMLReporter -->
<testsuite ignored="0" hostname="Anil" failures="0" tests="1" name="Test" time="0.252" errors="0" timestamp="2021-05-31T22:55:23 IST">
  <testcase classname="com.inetBankings.data.BaseTest" name="@BeforeMethod openBrowser" time="-1.622481922987E9">
    <failure type="org.testng.TestNGException" message="
Method openBrowser requires 2 parameters but 1 were supplied in the BeforeMethod annotation.">
      <![CDATA[org.testng.TestNGException: 
Method openBrowser requires 2 parameters but 1 were supplied in the BeforeMethod annotation.
at java.base/java.util.ArrayList.forEach(ArrayList.java:1511)
... Removed 28 stack frames]]>
    </failure>
  </testcase> <!-- @BeforeMethod openBrowser -->
  <testcase classname="com.inetBankings.data.BaseTest" name="@AfterMethod close" time="-1.622481923052E9">
    <skipped/>
  </testcase> <!-- @AfterMethod close -->
  <testcase classname="com.inetBankings.data.BaseTest" name="open" time="0.0">
    <skipped/>
  </testcase> <!-- open -->
</testsuite> <!-- Test -->
